2021-07-12 11:40:26,307 - elsapy.elsclient - INFO - Module loaded.
2021-07-12 11:40:26,309 - elsapy.elsentity - INFO - Module loaded.
2021-07-12 11:40:26,311 - elsapy.utils - INFO - Module loaded.
2021-07-12 11:40:26,311 - elsapy.elsprofile - INFO - Module loaded.
2021-07-12 11:40:26,312 - elsapy.elsdoc - INFO - Module loaded.
2021-07-12 11:40:26,314 - elsapy.elssearch - INFO - Module loaded.
2021-07-12 11:44:56,549 - elsapy.elsclient - INFO - Sending GET request to https://api.elsevier.com/content/author/author_id/7004367821
2021-07-12 11:44:56,942 - elsapy.elsentity - INFO - Data loaded for https://api.elsevier.com/content/author/author_id/7004367821
2021-07-12 11:44:56,966 - elsapy.elsentity - INFO - Wrote https://api.elsevier.com/content/author/author_id/7004367821 to file
2021-07-12 11:45:28,966 - elsapy.elsclient - INFO - Sending GET request to https://api.elsevier.com/content/affiliation/affiliation_id/60101411
2021-07-12 11:45:29,302 - elsapy.elsentity - INFO - Data loaded for https://api.elsevier.com/content/affiliation/affiliation_id/60101411
2021-07-12 11:45:29,308 - elsapy.elsentity - INFO - Wrote https://api.elsevier.com/content/affiliation/affiliation_id/60101411 to file
2021-07-12 11:45:52,260 - elsapy.elsclient - INFO - Sending GET request to https://api.elsevier.com/content/abstract/scopus_id/84872135457
2021-07-12 11:45:53,487 - elsapy.elsentity - INFO - Data loaded for https://api.elsevier.com/content/abstract/scopus_id/84872135457
2021-07-12 11:45:53,507 - elsapy.elsentity - INFO - Wrote https://api.elsevier.com/content/abstract/scopus_id/84872135457 to file
2021-07-12 11:53:01,333 - elsapy.elsclient - INFO - Sending GET request to https://api.elsevier.com/content/article/pii/S1674927814000082
2021-07-12 11:53:02,088 - elsapy.elsentity - INFO - Data loaded for https://api.elsevier.com/content/article/pii/S1674927814000082
2021-07-12 11:53:02,090 - elsapy.elsentity - INFO - Wrote https://api.elsevier.com/content/article/pii/S1674927814000082 to file
2021-07-12 11:53:09,825 - elsapy.elsclient - INFO - Sending GET request to https://api.elsevier.com/content/article/doi/10.1016/S1525-1578(10)60571-5
2021-07-12 11:53:10,676 - elsapy.elsentity - INFO - Data loaded for https://api.elsevier.com/content/article/doi/10.1016/S1525-1578(10)60571-5
2021-07-12 11:53:10,689 - elsapy.elsentity - INFO - Wrote https://api.elsevier.com/content/article/doi/10.1016/S1525-1578(10)60571-5 to file
2021-07-12 11:55:06,262 - elsapy.elsclient - INFO - Sending GET request to https://api.elsevier.com/content/search/sciencedirect?query=star+trek+vs+star+wars
2021-07-12 11:55:06,712 - elsapy.utils - INFO - Converting prism:coverDate
2021-07-12 15:00:52,200 - elsapy.elsclient - INFO - Sending GET request to https://api.elsevier.com/content/search/sciencedirect?query=Nanosafety
2021-07-12 15:00:52,646 - elsapy.utils - INFO - Converting prism:coverDate
2021-07-12 15:01:33,674 - elsapy.elsclient - INFO - Sending GET request to https://api.elsevier.com/content/search/sciencedirect?query=Nanosafety
2021-07-12 15:01:34,064 - elsapy.utils - INFO - Converting prism:coverDate
2021-07-12 15:04:11,896 - elsapy.elsclient - INFO - Sending GET request to https://api.elsevier.com/content/author/author_id/7004367821?view=documents
2021-07-12 15:04:12,075 - elsapy.elsprofile - WARNING - ('HTTP 400 Error from https://api.elsevier.com/content/author/author_id/7004367821?view=documents\nand using headers {\'X-ELS-APIKey\': \'3b973022ee79b33743de16621f262fdc\', \'User-Agent\': \'elsapy-v0.5.0\', \'Accept\': \'application/json\'}:\n{"service-error":{"status":{"statusCode":"INVALID_INPUT","statusText":"View parameter entered is not valid for this service"}}}',)
2021-07-12 15:04:13,069 - elsapy.elsclient - INFO - Sending GET request to https://api.elsevier.com/content/affiliation/affiliation_id/60101411?view=documents
2021-07-12 15:04:13,270 - elsapy.elsprofile - WARNING - ('HTTP 400 Error from https://api.elsevier.com/content/affiliation/affiliation_id/60101411?view=documents\nand using headers {\'X-ELS-APIKey\': \'3b973022ee79b33743de16621f262fdc\', \'User-Agent\': \'elsapy-v0.5.0\', \'Accept\': \'application/json\'}:\n{"service-error":{"status":{"statusCode":"INVALID_INPUT","statusText":"View parameter entered is not valid for this service"}}}',)
